
=== Fri Nov  9 01:38:38 2018

Packages were changed.
Update Mode: updateDependencies

The following packages were added:
  com.unity.collab-proxy@1.2.11
The following packages were updated:
  com.unity.analytics from version 2.0.16 to 3.0.9
  com.unity.package-manager-ui from version 1.9.11 to 2.0.1
  com.unity.textmeshpro from version 1.2.4 to 1.3.0

=== Sat Nov 10 15:18:44 2018

Packages were changed.
Update Mode: updateDependencies

The following packages were updated:
  com.unity.package-manager-ui from version 2.0.1 to 2.0.3

=== Fri Nov 30 13:39:57 2018

Packages were changed.
Update Mode: updateDependencies

The following packages were updated:
  com.unity.analytics from version 3.0.9 to 3.2.2

=== Tue Dec 11 13:04:33 2018

Packages were changed.
Update Mode: updateDependencies

The following packages were updated:
  com.unity.ads from version 2.0.8 to 2.3.1
  com.unity.collab-proxy from version 1.2.11 to 1.2.15
